<?xml version="1.0" encoding="UTF-8"?>
<!-- Generated by org.testng.reporters.JUnitReportReporter -->
<testsuite hostname="LAPTOP-1BU66JUJ" failures="0" tests="6" name="api.test.PetSwaggerDataDriven" time="14.186" errors="0" timestamp="2023-09-15T12:59:52 IST" skipped="0">
  <testcase classname="api.test.PetSwaggerDataDriven" name="createUsersData" time="5.239"/>
  <testcase classname="api.test.PetSwaggerDataDriven" name="createUsersData" time="2.453"/>
  <testcase classname="api.test.PetSwaggerDataDriven" name="createUsersData" time="1.634"/>
  <testcase classname="api.test.PetSwaggerDataDriven" name="deleteUsernamesData" time="1.536"/>
  <testcase classname="api.test.PetSwaggerDataDriven" name="deleteUsernamesData" time="1.688"/>
  <testcase classname="api.test.PetSwaggerDataDriven" name="deleteUsernamesData" time="1.636"/>
</testsuite> <!-- api.test.PetSwaggerDataDriven -->
