<?xml version="1.0" encoding="UTF-8"?>
<!-- Generated by org.testng.reporters.JUnitReportReporter -->
<testsuite hostname="LAPTOP-1BU66JUJ" failures="0" tests="4" name="api.test.TestCreationUsingProperties" time="11.030" errors="0" timestamp="2023-09-16T07:31:17 IST" skipped="0">
  <testcase classname="api.test.TestCreationUsingProperties" name="createUser" time="5.274"/>
  <testcase classname="api.test.TestCreationUsingProperties" name="getUser" time="2.613"/>
  <testcase classname="api.test.TestCreationUsingProperties" name="updateUser" time="1.610"/>
  <testcase classname="api.test.TestCreationUsingProperties" name="deleteUser" time="1.533"/>
</testsuite> <!-- api.test.TestCreationUsingProperties -->
